<?xml version="1.0" encoding="UTF-8"?>
<testsuite name="IsWinTest" tests="8" skipped="0" failures="0" errors="0" timestamp="2022-01-29T01:44:25" hostname="Johns-MacBook-Pro.local" time="0.022">
  <properties/>
  <testcase name="testIsWinVerticalLeft()" classname="IsWinTest" time="0.014"/>
  <testcase name="testIsWinDiagonalTopLeftBottomRight()" classname="IsWinTest" time="0.001"/>
  <testcase name="testIsWinHorizontalBottom()" classname="IsWinTest" time="0.0"/>
  <testcase name="testIsWinHorizontalMiddle()" classname="IsWinTest" time="0.001"/>
  <testcase name="testIsWinVerticalRight()" classname="IsWinTest" time="0.001"/>
  <testcase name="testIsWinHorizontalTop()" classname="IsWinTest" time="0.001"/>
  <testcase name="testIsWinDiagonalTopRightBottomLeft()" classname="IsWinTest" time="0.0"/>
  <testcase name="testIsWinVerticalMiddle()" classname="IsWinTest" time="0.0"/>
  <system-out><![CDATA[]]></system-out>
  <system-err><![CDATA[]]></system-err>
</testsuite>
